build/app/intermediates/manifest_merge_blame_file/debug/manifest-merger-blame-debug-report.txt
1<?xml version="1.0" encoding="utf-8"?>
2<manifest xmlns:android="http://schemas.android.com/apk/res/android"
3    package="com.example.local_notifications"
4    android:versionCode="1"
5    android:versionName="1.0.0" >
6
7    <uses-sdk
8        android:minSdkVersion="16"
9        android:targetSdkVersion="28" />
10    <!--
11         Flutter needs it to communicate with the running application
12         to allow setting breakpoints, to provide hot reload, etc.
13    -->
14    <uses-permission android:name="android.permission.INTERNET" />
14-->src/debug/AndroidManifest.xml:6:5-66
14-->src/debug/AndroidManifest.xml:6:22-64
15    <!--
16     io.flutter.app.FlutterApplication is an android.app.Application that
17         calls FlutterMain.startInitialization(this); in its onCreate method.
18         In most cases you can leave this as-is, but you if you want to provide
19         additional functionality it is fine to subclass or reimplement
20         FlutterApplication and put your custom class here.
21    -->
22    <uses-permission android:name="android.permission.RECEIVE_BOOT_COMPLETED" />
22-->src/main/AndroidManifest.xml:7:5-81
22-->src/main/AndroidManifest.xml:7:22-78
23
24    <application
24-->src/main/AndroidManifest.xml:8:5-25:19
25        android:name="io.flutter.app.FlutterApplication"
25-->src/main/AndroidManifest.xml:8:18-66
26        android:appComponentFactory="androidx.core.app.CoreComponentFactory"
26-->[androidx.core:core:1.1.0] AndroidManifest.xml:24:18-86
27        android:debuggable="true"
28        android:icon="@mipmap/ic_launcher"
28-->src/main/AndroidManifest.xml:8:103-137
29        android:label="local_notifications" >
29-->src/main/AndroidManifest.xml:8:67-102
30        <activity
30-->src/main/AndroidManifest.xml:9:9-14:20
31            android:name="com.example.local_notifications.MainActivity"
31-->src/main/AndroidManifest.xml:9:19-47
32            android:configChanges="orientation|keyboardHidden|keyboard|screenSize|smallestScreenSize|locale|layoutDirection|fontScale|screenLayout|density|uiMode"
32-->src/main/AndroidManifest.xml:9:114-264
33            android:hardwareAccelerated="true"
33-->src/main/AndroidManifest.xml:9:265-299
34            android:launchMode="singleTop"
34-->src/main/AndroidManifest.xml:9:48-78
35            android:theme="@style/LaunchTheme"
35-->src/main/AndroidManifest.xml:9:79-113
36            android:windowSoftInputMode="adjustResize" >
36-->src/main/AndroidManifest.xml:9:300-342
37            <intent-filter>
37-->src/main/AndroidManifest.xml:10:13-13:29
38                <action android:name="android.intent.action.MAIN" />
38-->src/main/AndroidManifest.xml:11:17-69
38-->src/main/AndroidManifest.xml:11:25-66
39
40                <category android:name="android.intent.category.LAUNCHER" />
40-->src/main/AndroidManifest.xml:12:17-77
40-->src/main/AndroidManifest.xml:12:27-74
41            </intent-filter>
42        </activity>
43        <!--
44             Don't delete the meta-data below.
45             This is used by the Flutter tool to generate GeneratedPluginRegistrant.java
46        -->
47        <meta-data
47-->src/main/AndroidManifest.xml:17:9-72
48            android:name="flutterEmbedding"
48-->src/main/AndroidManifest.xml:17:20-51
49            android:value="2" />
49-->src/main/AndroidManifest.xml:17:52-69
50
51        <receiver android:name="com.dexterous.flutterlocalnotifications.ScheduledNotificationBootReceiver" >
51-->src/main/AndroidManifest.xml:18:9-22:20
51-->src/main/AndroidManifest.xml:18:19-107
52            <intent-filter>
52-->src/main/AndroidManifest.xml:19:13-21:29
53                <action android:name="android.intent.action.BOOT_COMPLETED" />
53-->src/main/AndroidManifest.xml:20:17-86
53-->src/main/AndroidManifest.xml:20:25-76
54            </intent-filter>
55        </receiver>
56        <receiver android:name="com.dexterous.flutterlocalnotifications.ScheduledNotificationReceiver" />
56-->src/main/AndroidManifest.xml:23:9-106
56-->src/main/AndroidManifest.xml:23:19-103
57    </application>
58
59</manifest>